/home/withanage/software/jhove/bin/jhove-apps-1.28.0.jar
/home/withanage/software/jhove/bin/aiff-hul-1.6.2.jar
/home/withanage/software/jhove/bin/ascii-hul-1.4.2.jar
/home/withanage/software/jhove/bin/gif-hul-1.4.3.jar
/home/withanage/software/jhove/bin/html-hul-1.4.3.jar
/home/withanage/software/jhove/bin/jpeg2000-hul-1.4.4.jar
/home/withanage/software/jhove/bin/jpeg-hul-1.5.4.jar
/home/withanage/software/jhove/bin/pdf-hul-1.12.4.jar
/home/withanage/software/jhove/bin/tiff-hul-1.9.4.jar
/home/withanage/software/jhove/bin/utf8-hul-1.7.3.jar
/home/withanage/software/jhove/bin/wave-hul-1.8.2.jar
/home/withanage/software/jhove/bin/xml-hul-1.5.3.jar
/home/withanage/software/jhove/conf/jhove.conf
/home/withanage/software/jhove/jhove
/home/withanage/software/jhove/jhove-gui
/home/withanage/software/jhove/bin/jhove-ext-modules-1.28.0.jar
/home/withanage/software/jhove/conf/jhove.conf
/home/withanage/software/jhove/.installationinformation
/home/withanage/software/jhove/auto-install.xml
/home/withanage/software/jhove/Uninstaller/uninstaller.jar